0 verbose cli /usr/bin/node /usr/bin/npm
1 info using npm@11.6.1
2 info using node@v24.11.0
3 silly config load:file:/usr/lib/node_modules/npm/npmrc
4 silly config load:file:/home/dronlaptop/.npmrc
5 silly config load:file:/usr/etc/npmrc
6 verbose title npm publish
7 verbose argv "publish" "--dry-run"
8 verbose logfile logs-max:10 dir:/home/dronlaptop/.npm/_logs/2025-11-17T09_27_57_773Z-
9 verbose logfile /home/dronlaptop/.npm/_logs/2025-11-17T09_27_57_773Z-debug-0.log
10 silly logfile start cleaning logs, removing 1 files
11 verbose publish [ '.' ]
12 silly logfile done cleaning log files
13 silly packumentCache heap:2348810240 maxSize:587202560 maxEntrySize:293601280
14 notice
15 notice 📦  @hexlet/code@1.0.0
16 notice Tarball Contents
17 notice 63B bin/brain-games.js
17 notice 321B package.json
18 notice Tarball Details
19 notice name: @hexlet/code
20 notice version: 1.0.0
21 notice filename: hexlet-code-1.0.0.tgz
22 notice package size: 402 B
23 notice unpacked size: 384 B
24 notice shasum: 4040a5a14bbb47c8586297fb72c4ae1a90c2a631
25 notice integrity: sha512-hc5ZCVj9cdEc/[...]X1DNnJGem167g==
26 notice total files: 2
27 notice
28 warn This command requires you to be logged in to https://registry.npmjs.org/ (dry-run)
29 http fetch GET 404 https://registry.npmjs.org/@hexlet%2fcode 356ms (cache skip)
30 http fetch GET 404 https://registry.npmjs.org/@hexlet%2fcode 95ms (cache skip)
31 notice Publishing to https://registry.npmjs.org/ with tag latest and default access (dry-run)
32 verbose cwd /home/dronlaptop
33 verbose os Linux 6.6.87.2-microsoft-standard-WSL2
34 verbose node v24.11.0
35 verbose npm  v11.6.1
36 verbose exit 0
37 info ok
