0 verbose cli /usr/bin/node /usr/bin/npm
1 info using npm@11.6.1
2 info using node@v24.11.0
3 silly config load:file:/usr/lib/node_modules/npm/npmrc
4 silly config load:file:/home/dronlaptop/.cache/typescript/5.9/.npmrc
5 silly config load:file:/home/dronlaptop/.npmrc
6 silly config load:file:/usr/etc/npmrc
7 verbose title npm install @types/react@ts5.9
8 verbose argv "install" "--ignore-scripts" "@types/react@ts5.9" "--save-dev" "--user-agent" "typesInstaller/5.9.3"
9 verbose logfile logs-max:10 dir:/home/dronlaptop/.npm/_logs/2025-11-11T09_00_05_739Z-
10 verbose logfile /home/dronlaptop/.npm/_logs/2025-11-11T09_00_05_739Z-debug-0.log
11 silly logfile done cleaning log files
12 silly packumentCache heap:2348810240 maxSize:587202560 maxEntrySize:293601280
13 silly packumentCache corgi:https://registry.npmjs.org/@types%2freact cache-miss
14 http fetch GET 200 https://registry.npmjs.org/@types%2freact 453ms (cache miss)
15 silly packumentCache corgi:https://registry.npmjs.org/@types%2freact set size:undefined disposed:false
16 silly idealTree buildDeps
17 silly fetch manifest @types/react@19.2.2
18 silly packumentCache full:https://registry.npmjs.org/@types%2freact cache-miss
19 http fetch GET 200 https://registry.npmjs.org/@types%2freact 119ms (cache miss)
20 silly packumentCache full:https://registry.npmjs.org/@types%2freact set size:undefined disposed:false
21 silly placeDep ROOT @types/react@19.2.2 OK for:  want: 19.2.2
22 silly fetch manifest csstype@^3.0.2
23 silly packumentCache full:https://registry.npmjs.org/csstype cache-miss
24 http fetch GET 200 https://registry.npmjs.org/csstype 83ms (cache miss)
25 silly packumentCache full:https://registry.npmjs.org/csstype set size:undefined disposed:false
26 silly placeDep ROOT csstype@3.1.3 OK for: @types/react@19.2.2 want: ^3.0.2
27 silly reify moves {}
28 silly audit bulk request {
28 silly audit   'types-registry': [ '0.1.746' ],
28 silly audit   '@types/react': [ '19.2.2' ],
28 silly audit   csstype: [ '3.1.3' ]
28 silly audit }
29 http cache @types/react@https://registry.npmjs.org/@types/react/-/react-19.2.2.tgz 0ms (cache hit)
30 http cache csstype@https://registry.npmjs.org/csstype/-/csstype-3.1.3.tgz 0ms (cache hit)
31 silly tarball no local data for @types/react@https://registry.npmjs.org/@types/react/-/react-19.2.2.tgz. Extracting by manifest.
32 silly tarball no local data for csstype@https://registry.npmjs.org/csstype/-/csstype-3.1.3.tgz. Extracting by manifest.
33 http fetch POST 200 https://registry.npmjs.org/-/npm/v1/security/advisories/bulk 269ms
34 silly audit report {}
35 http fetch GET 200 https://registry.npmjs.org/@types/react/-/react-19.2.2.tgz 365ms (cache miss)
36 http fetch GET 200 https://registry.npmjs.org/csstype/-/csstype-3.1.3.tgz 471ms (cache miss)
37 silly ADD node_modules/csstype
38 silly ADD node_modules/@types/react
39 verbose cwd /home/dronlaptop/.cache/typescript/5.9
40 verbose os Linux 6.6.87.2-microsoft-standard-WSL2
41 verbose node v24.11.0
42 verbose npm  v11.6.1
43 verbose exit 0
44 info ok
