0 verbose cli /usr/bin/node /usr/bin/npm
1 info using npm@11.6.1
2 info using node@v24.11.0
3 silly config load:file:/usr/lib/node_modules/npm/npmrc
4 silly config load:file:/home/dronlaptop/.cache/typescript/5.9/.npmrc
5 silly config load:file:/home/dronlaptop/.npmrc
6 silly config load:file:/usr/etc/npmrc
7 verbose title npm install types-registry@latest
8 verbose argv "install" "--ignore-scripts" "types-registry@latest"
9 verbose logfile logs-max:10 dir:/home/dronlaptop/.npm/_logs/2025-11-17T09_15_17_372Z-
10 verbose logfile /home/dronlaptop/.npm/_logs/2025-11-17T09_15_17_372Z-debug-0.log
11 silly logfile done cleaning log files
12 silly packumentCache heap:2348810240 maxSize:587202560 maxEntrySize:293601280
13 silly packumentCache corgi:https://registry.npmjs.org/types-registry cache-miss
14 http fetch GET 200 https://registry.npmjs.org/types-registry 392ms (cache revalidated)
15 silly packumentCache corgi:https://registry.npmjs.org/types-registry set size:612042 disposed:false
16 silly idealTree buildDeps
17 silly fetch manifest types-registry@0.1.746
18 silly packumentCache full:https://registry.npmjs.org/types-registry cache-miss
19 http fetch GET 200 https://registry.npmjs.org/types-registry 95ms (cache revalidated)
20 silly packumentCache full:https://registry.npmjs.org/types-registry set size:1311504 disposed:false
21 silly placeDep ROOT types-registry@0.1.746 REPLACE for:  want: 0.1.746
22 silly reify moves {}
23 silly audit bulk request {
23 silly audit   '@types/react': [ '19.2.2' ],
23 silly audit   csstype: [ '3.1.3' ],
23 silly audit   'types-registry': [ '0.1.746' ]
23 silly audit }
24 http fetch POST 200 https://registry.npmjs.org/-/npm/v1/security/advisories/bulk 308ms
25 silly audit report {}
26 verbose cwd /home/dronlaptop/.cache/typescript/5.9
27 verbose os Linux 6.6.87.2-microsoft-standard-WSL2
28 verbose node v24.11.0
29 verbose npm  v11.6.1
30 verbose exit 0
31 info ok
