0 verbose cli /usr/bin/node /usr/bin/npm
1 info using npm@11.6.1
2 info using node@v24.11.0
3 silly config load:file:/usr/lib/node_modules/npm/npmrc
4 silly config load:file:/home/dronlaptop/.npmrc
5 silly config load:file:/home/dronlaptop/.npm-global/etc/npmrc
6 verbose title npm link
7 verbose argv "link"
8 verbose logfile logs-max:10 dir:/home/dronlaptop/.npm/_logs/2025-11-17T09_30_26_830Z-
9 verbose logfile /home/dronlaptop/.npm/_logs/2025-11-17T09_30_26_830Z-debug-0.log
10 silly logfile start cleaning logs, removing 1 files
11 silly packumentCache heap:2348810240 maxSize:587202560 maxEntrySize:293601280
12 silly logfile done cleaning log files
13 silly idealTree buildDeps
14 silly placeDep ROOT @hexlet/code@1.0.0 OK for:  want: file:../..
15 silly reify moves {}
16 silly audit bulk request { '@hexlet/code': [ '1.0.0' ] }
17 http fetch POST 200 https://registry.npmjs.org/-/npm/v1/security/advisories/bulk 545ms
18 silly audit report {}
19 silly ADD node_modules/@hexlet/code
20 verbose cwd /home/dronlaptop
21 verbose os Linux 6.6.87.2-microsoft-standard-WSL2
22 verbose node v24.11.0
23 verbose npm  v11.6.1
24 verbose exit 0
25 info ok
