0 verbose cli /usr/bin/node /usr/bin/npm
1 info using npm@11.6.1
2 info using node@v24.11.0
3 silly config load:file:/usr/lib/node_modules/npm/npmrc
4 silly config load:file:/home/dronlaptop/.npmrc
5 silly config load:file:/home/dronlaptop/.npm-global/etc/npmrc
6 verbose title npm link
7 verbose argv "link"
8 verbose logfile logs-max:10 dir:/home/dronlaptop/.npm/_logs/2025-11-27T08_47_06_952Z-
9 verbose logfile /home/dronlaptop/.npm/_logs/2025-11-27T08_47_06_952Z-debug-0.log
10 silly logfile start cleaning logs, removing 1 files
11 silly packumentCache heap:2348810240 maxSize:587202560 maxEntrySize:293601280
12 silly logfile done cleaning log files
13 silly idealTree buildDeps
14 silly placeDep ROOT @hexlet/code@1.0.0 OK for:  want: file:../..
15 silly reify mark retired [
15 silly reify   '/home/dronlaptop/.npm-global/lib/node_modules/@hexlet/code',
15 silly reify   '/home/dronlaptop/.npm-global/bin/brain-games',
15 silly reify   '/home/dronlaptop/.npm-global/bin/brain-even',
15 silly reify   '/home/dronlaptop/.npm-global/bin/brain-calc',
15 silly reify   '/home/dronlaptop/.npm-global/bin/brain-gcd',
15 silly reify   '/home/dronlaptop/.npm-global/bin/brain-progression',
15 silly reify   '/home/dronlaptop/.npm-global/bin/brain-prime'
15 silly reify ]
16 silly reify moves {
16 silly reify   '/home/dronlaptop/.npm-global/lib/node_modules/@hexlet/code': '/home/dronlaptop/.npm-global/lib/node_modules/@hexlet/.code-AXjlTm4M',
16 silly reify   '/home/dronlaptop/.npm-global/bin/brain-games': '/home/dronlaptop/.npm-global/bin/.brain-games-s9gwNvpM',
16 silly reify   '/home/dronlaptop/.npm-global/bin/brain-even': '/home/dronlaptop/.npm-global/bin/.brain-even-lsGIgjZt',
16 silly reify   '/home/dronlaptop/.npm-global/bin/brain-calc': '/home/dronlaptop/.npm-global/bin/.brain-calc-9utbSeZe',
16 silly reify   '/home/dronlaptop/.npm-global/bin/brain-gcd': '/home/dronlaptop/.npm-global/bin/.brain-gcd-AkXBRbUe',
16 silly reify   '/home/dronlaptop/.npm-global/bin/brain-progression': '/home/dronlaptop/.npm-global/bin/.brain-progression-5W20Q8gf',
16 silly reify   '/home/dronlaptop/.npm-global/bin/brain-prime': '/home/dronlaptop/.npm-global/bin/.brain-prime-nDqXP3ei'
16 silly reify }
17 silly audit bulk request { '@hexlet/code': [ '1.0.0' ] }
18 http fetch POST 200 https://registry.npmjs.org/-/npm/v1/security/advisories/bulk 566ms
19 silly audit report {}
20 silly CHANGE node_modules/@hexlet/code
21 verbose cwd /home/dronlaptop
22 verbose os Linux 6.6.87.2-microsoft-standard-WSL2
23 verbose node v24.11.0
24 verbose npm  v11.6.1
25 verbose exit 0
26 info ok
