0 verbose cli /usr/bin/node /usr/bin/npm
1 info using npm@11.6.1
2 info using node@v24.11.0
3 silly config load:file:/usr/lib/node_modules/npm/npmrc
4 silly config load:file:/home/dronlaptop/.npmrc
5 silly config load:file:/usr/etc/npmrc
6 verbose title npm ci
7 verbose argv "ci"
8 verbose logfile logs-max:10 dir:/home/dronlaptop/.npm/_logs/2025-11-17T08_51_06_448Z-
9 verbose logfile /home/dronlaptop/.npm/_logs/2025-11-17T08_51_06_448Z-debug-0.log
10 silly logfile done cleaning log files
11 silly packumentCache heap:2348810240 maxSize:587202560 maxEntrySize:293601280
12 verbose loadVirtual Error: loadVirtual requires existing shrinkwrap file
12 verbose loadVirtual     at Arborist.loadVirtual (/usr/lib/node_modules/npm/node_modules/@npmcli/arborist/lib/arborist/load-virtual.js:50:18)
12 verbose loadVirtual     at async CI.exec (/usr/lib/node_modules/npm/lib/commands/ci.js:49:5)
12 verbose loadVirtual     at async Npm.exec (/usr/lib/node_modules/npm/lib/npm.js:208:9)
12 verbose loadVirtual     at async module.exports (/usr/lib/node_modules/npm/lib/cli/entry.js:67:5)
13 verbose stack Error: 
13 verbose stack The `npm ci` command can only install with an existing package-lock.json or
13 verbose stack npm-shrinkwrap.json with lockfileVersion >= 1. Run an install with npm@5 or
13 verbose stack later to generate a package-lock.json file, then try again.
13 verbose stack
13 verbose stack Clean install a project
13 verbose stack
13 verbose stack Usage:
13 verbose stack npm ci
13 verbose stack
13 verbose stack Options:
13 verbose stack [--install-strategy <hoisted|nested|shallow|linked>] [--legacy-bundling]
13 verbose stack [--global-style] [--omit <dev|optional|peer> [--omit <dev|optional|peer> ...]]
13 verbose stack [--include <prod|dev|optional|peer> [--include <prod|dev|optional|peer> ...]]
13 verbose stack [--strict-peer-deps] [--foreground-scripts] [--ignore-scripts] [--no-audit]
13 verbose stack [--no-bin-links] [--no-fund] [--dry-run]
13 verbose stack [-w|--workspace <workspace-name> [-w|--workspace <workspace-name> ...]]
13 verbose stack [--workspaces] [--include-workspace-root] [--install-links]
13 verbose stack
13 verbose stack aliases: clean-install, ic, install-clean, isntall-clean
13 verbose stack
13 verbose stack Run "npm help ci" for more info
13 verbose stack     at CI.usageError (/usr/lib/node_modules/npm/lib/base-cmd.js:111:26)
13 verbose stack     at /usr/lib/node_modules/npm/lib/commands/ci.js:55:18
13 verbose stack     at async CI.exec (/usr/lib/node_modules/npm/lib/commands/ci.js:49:5)
13 verbose stack     at async Npm.exec (/usr/lib/node_modules/npm/lib/npm.js:208:9)
13 verbose stack     at async module.exports (/usr/lib/node_modules/npm/lib/cli/entry.js:67:5)
14 error code EUSAGE
15 error
15 error The `npm ci` command can only install with an existing package-lock.json or
15 error npm-shrinkwrap.json with lockfileVersion >= 1. Run an install with npm@5 or
15 error later to generate a package-lock.json file, then try again.
15 error
15 error Clean install a project
15 error
15 error Usage:
15 error npm ci
15 error
15 error Options:
15 error [--install-strategy <hoisted|nested|shallow|linked>] [--legacy-bundling]
15 error [--global-style] [--omit <dev|optional|peer> [--omit <dev|optional|peer> ...]]
15 error [--include <prod|dev|optional|peer> [--include <prod|dev|optional|peer> ...]]
15 error [--strict-peer-deps] [--foreground-scripts] [--ignore-scripts] [--no-audit]
15 error [--no-bin-links] [--no-fund] [--dry-run]
15 error [-w|--workspace <workspace-name> [-w|--workspace <workspace-name> ...]]
15 error [--workspaces] [--include-workspace-root] [--install-links]
15 error
15 error aliases: clean-install, ic, install-clean, isntall-clean
15 error
15 error Run "npm help ci" for more info
16 verbose cwd /home/dronlaptop
17 verbose os Linux 6.6.87.2-microsoft-standard-WSL2
18 verbose node v24.11.0
19 verbose npm  v11.6.1
20 verbose exit 1
21 verbose code 1
22 error A complete log of this run can be found in: /home/dronlaptop/.npm/_logs/2025-11-17T08_51_06_448Z-debug-0.log
