0 verbose cli /usr/bin/node /usr/bin/npm
1 info using npm@11.6.1
2 info using node@v24.11.0
3 silly config load:file:/usr/lib/node_modules/npm/npmrc
4 silly config load:file:/home/dronlaptop/.npmrc
5 silly config load:file:/usr/etc/npmrc
6 verbose title npm init
7 verbose argv "init"
8 verbose logfile logs-max:10 dir:/home/dronlaptop/.npm/_logs/2025-11-11T08_34_55_700Z-
9 verbose logfile /home/dronlaptop/.npm/_logs/2025-11-11T08_34_55_700Z-debug-0.log
10 silly logfile done cleaning log files
11 http fetch GET 200 https://registry.npmjs.org/npm 468ms
12 silly package data {
12 silly package data   name: '@hexlet/code',
12 silly package data   version: '1.0.0',
12 silly package data   description: '',
12 silly package data   main: 'index.js',
12 silly package data   scripts: { test: 'echo "Error: no test specified" && exit 1' },
12 silly package data   author: '',
12 silly package data   license: 'ISC',
12 silly package data   type: 'commonjs'
12 silly package data }
13 verbose cwd /home/dronlaptop
14 verbose os Linux 6.6.87.2-microsoft-standard-WSL2
15 verbose node v24.11.0
16 verbose npm  v11.6.1
17 notice
17 notice New [36mpatch[39m version of npm available! [36m11.6.1[39m -> [34m11.6.2[39m
17 notice Changelog: [34mhttps://github.com/npm/cli/releases/tag/v11.6.2[39m
17 notice To update run: [4mnpm install -g npm@11.6.2[24m
17 notice  { force: true, Symbol(proc-log.meta): true }
18 verbose exit 0
19 info ok
