0 verbose cli /usr/bin/node /usr/bin/npm
1 info using npm@11.6.1
2 info using node@v24.11.0
3 silly config load:file:/usr/lib/node_modules/npm/npmrc
4 silly config load:file:/home/dronlaptop/.cache/typescript/5.9/.npmrc
5 silly config load:file:/home/dronlaptop/.npmrc
6 silly config load:file:/home/dronlaptop/.npm-global/etc/npmrc
7 verbose title npm install types-registry@latest
8 verbose argv "install" "--ignore-scripts" "types-registry@latest"
9 verbose logfile logs-max:10 dir:/home/dronlaptop/.npm/_logs/2025-11-27T08_30_56_552Z-
10 verbose logfile /home/dronlaptop/.npm/_logs/2025-11-27T08_30_56_552Z-debug-0.log
11 silly logfile start cleaning logs, removing 1 files
12 silly packumentCache heap:2348810240 maxSize:587202560 maxEntrySize:293601280
13 silly logfile done cleaning log files
14 silly packumentCache corgi:https://registry.npmjs.org/types-registry cache-miss
15 http fetch GET 200 https://registry.npmjs.org/types-registry 360ms (cache revalidated)
16 silly packumentCache corgi:https://registry.npmjs.org/types-registry set size:612572 disposed:false
17 silly idealTree buildDeps
18 silly fetch manifest types-registry@0.1.747
19 silly packumentCache full:https://registry.npmjs.org/types-registry cache-miss
20 http fetch GET 200 https://registry.npmjs.org/types-registry 103ms (cache revalidated)
21 silly packumentCache full:https://registry.npmjs.org/types-registry set size:1313201 disposed:false
22 silly placeDep ROOT types-registry@0.1.747 REPLACE for:  want: 0.1.747
23 silly reify moves {}
24 silly audit bulk request {
24 silly audit   '@types/react': [ '19.2.2' ],
24 silly audit   '@types/readline-sync': [ '1.4.8' ],
24 silly audit   csstype: [ '3.1.3' ],
24 silly audit   'types-registry': [ '0.1.747' ]
24 silly audit }
25 http fetch POST 200 https://registry.npmjs.org/-/npm/v1/security/advisories/bulk 282ms
26 silly audit report {}
27 verbose cwd /home/dronlaptop/.cache/typescript/5.9
28 verbose os Linux 6.6.87.2-microsoft-standard-WSL2
29 verbose node v24.11.0
30 verbose npm  v11.6.1
31 verbose exit 0
32 info ok
