0 verbose cli /usr/bin/node /usr/bin/npm
1 info using npm@11.6.1
2 info using node@v24.11.0
3 silly config load:file:/usr/lib/node_modules/npm/npmrc
4 silly config load:file:/home/dronlaptop/.cache/typescript/5.9/.npmrc
5 silly config load:file:/home/dronlaptop/.npmrc
6 silly config load:file:/usr/etc/npmrc
7 verbose title npm install types-registry@latest
8 verbose argv "install" "--ignore-scripts" "types-registry@latest"
9 verbose logfile logs-max:10 dir:/home/dronlaptop/.npm/_logs/2025-11-11T09_00_04_004Z-
10 verbose logfile /home/dronlaptop/.npm/_logs/2025-11-11T09_00_04_004Z-debug-0.log
11 silly logfile done cleaning log files
12 silly packumentCache heap:2348810240 maxSize:587202560 maxEntrySize:293601280
13 silly packumentCache corgi:https://registry.npmjs.org/types-registry cache-miss
14 http fetch GET 200 https://registry.npmjs.org/types-registry 481ms (cache miss)
15 silly packumentCache corgi:https://registry.npmjs.org/types-registry set size:undefined disposed:false
16 silly idealTree buildDeps
17 silly fetch manifest types-registry@0.1.746
18 silly packumentCache full:https://registry.npmjs.org/types-registry cache-miss
19 http fetch GET 200 https://registry.npmjs.org/types-registry 112ms (cache miss)
20 silly packumentCache full:https://registry.npmjs.org/types-registry set size:undefined disposed:false
21 silly placeDep ROOT types-registry@0.1.746 OK for:  want: 0.1.746
22 silly reify moves {}
23 silly audit bulk request { 'types-registry': [ '0.1.746' ] }
24 http cache types-registry@https://registry.npmjs.org/types-registry/-/types-registry-0.1.746.tgz 1ms (cache hit)
25 silly tarball no local data for types-registry@https://registry.npmjs.org/types-registry/-/types-registry-0.1.746.tgz. Extracting by manifest.
26 http fetch POST 200 https://registry.npmjs.org/-/npm/v1/security/advisories/bulk 284ms
27 silly audit report {}
28 http fetch GET 200 https://registry.npmjs.org/types-registry/-/types-registry-0.1.746.tgz 508ms (cache miss)
29 silly ADD node_modules/types-registry
30 verbose cwd /home/dronlaptop/.cache/typescript/5.9
31 verbose os Linux 6.6.87.2-microsoft-standard-WSL2
32 verbose node v24.11.0
33 verbose npm  v11.6.1
34 verbose exit 0
35 info ok
