0 verbose cli /usr/bin/node /usr/bin/npm
1 info using npm@11.6.1
2 info using node@v24.11.0
3 silly config load:file:/usr/lib/node_modules/npm/npmrc
4 silly config load:file:/home/dronlaptop/.cache/typescript/5.9/.npmrc
5 silly config load:file:/home/dronlaptop/.npmrc
6 silly config load:file:/home/dronlaptop/.npm-global/etc/npmrc
7 verbose title npm install types-registry@latest
8 verbose argv "install" "--ignore-scripts" "types-registry@latest"
9 verbose logfile logs-max:10 dir:/home/dronlaptop/.npm/_logs/2025-11-30T09_20_51_637Z-
10 verbose logfile /home/dronlaptop/.npm/_logs/2025-11-30T09_20_51_637Z-debug-0.log
11 silly logfile start cleaning logs, removing 1 files
12 silly packumentCache heap:2348810240 maxSize:587202560 maxEntrySize:293601280
13 silly logfile done cleaning log files
14 silly packumentCache corgi:https://registry.npmjs.org/types-registry cache-miss
15 http fetch GET 200 https://registry.npmjs.org/types-registry 465ms (cache updated)
16 silly packumentCache corgi:https://registry.npmjs.org/types-registry set size:undefined disposed:false
17 silly idealTree buildDeps
18 silly fetch manifest types-registry@0.1.748
19 silly packumentCache full:https://registry.npmjs.org/types-registry cache-miss
20 http fetch GET 200 https://registry.npmjs.org/types-registry 139ms (cache updated)
21 silly packumentCache full:https://registry.npmjs.org/types-registry set size:undefined disposed:false
22 silly placeDep ROOT types-registry@0.1.748 REPLACE for:  want: 0.1.748
23 silly reify mark retired [
23 silly reify   '/home/dronlaptop/.cache/typescript/5.9/node_modules/types-registry'
23 silly reify ]
24 silly reify moves {
24 silly reify   '/home/dronlaptop/.cache/typescript/5.9/node_modules/types-registry': '/home/dronlaptop/.cache/typescript/5.9/node_modules/.types-registry-nVdiIeUa'
24 silly reify }
25 silly audit bulk request {
25 silly audit   '@types/react': [ '19.2.2' ],
25 silly audit   '@types/readline-sync': [ '1.4.8' ],
25 silly audit   csstype: [ '3.1.3' ],
25 silly audit   'types-registry': [ '0.1.748' ]
25 silly audit }
26 http cache types-registry@https://registry.npmjs.org/types-registry/-/types-registry-0.1.748.tgz 0ms (cache hit)
27 silly tarball no local data for types-registry@https://registry.npmjs.org/types-registry/-/types-registry-0.1.748.tgz. Extracting by manifest.
28 http fetch POST 200 https://registry.npmjs.org/-/npm/v1/security/advisories/bulk 323ms
29 silly audit report {}
30 http fetch GET 200 https://registry.npmjs.org/types-registry/-/types-registry-0.1.748.tgz 427ms (cache miss)
31 silly CHANGE node_modules/types-registry
32 verbose cwd /home/dronlaptop/.cache/typescript/5.9
33 verbose os Linux 6.6.87.2-microsoft-standard-WSL2
34 verbose node v24.11.0
35 verbose npm  v11.6.1
36 verbose exit 0
37 info ok
