0 verbose cli /usr/bin/node /usr/bin/npm
1 info using npm@11.6.1
2 info using node@v24.11.0
3 silly config load:file:/usr/lib/node_modules/npm/npmrc
4 silly config load:file:/home/dronlaptop/.npmrc
5 silly config load:file:/usr/etc/npmrc
6 verbose title npm link
7 verbose argv "link"
8 verbose logfile logs-max:10 dir:/home/dronlaptop/.npm/_logs/2025-11-17T09_29_01_285Z-
9 verbose logfile /home/dronlaptop/.npm/_logs/2025-11-17T09_29_01_285Z-debug-0.log
10 silly logfile start cleaning logs, removing 1 files
11 silly logfile done cleaning log files
12 silly packumentCache heap:2348810240 maxSize:587202560 maxEntrySize:293601280
13 silly idealTree buildDeps
14 silly placeDep ROOT @hexlet/code@1.0.0 OK for:  want: file:../../home/dronlaptop
15 silly reify moves {}
16 silly audit bulk request { '@hexlet/code': [ '1.0.0' ] }
17 verbose stack Error: EACCES: permission denied, mkdir '/usr/lib/node_modules/@hexlet'
17 verbose stack     at async mkdir (node:internal/fs/promises:861:10)
17 verbose stack     at async #extractOrLink (/usr/lib/node_modules/npm/node_modules/@npmcli/arborist/lib/arborist/reify.js:785:5)
17 verbose stack     at async /usr/lib/node_modules/npm/node_modules/@npmcli/arborist/lib/arborist/reify.js:678:7
17 verbose stack     at async Promise.allSettled (index 0)
17 verbose stack     at async [reifyPackages] (/usr/lib/node_modules/npm/node_modules/@npmcli/arborist/lib/arborist/reify.js:326:11)
17 verbose stack     at async Arborist.reify (/usr/lib/node_modules/npm/node_modules/@npmcli/arborist/lib/arborist/reify.js:128:5)
17 verbose stack     at async Link.linkPkg (/usr/lib/node_modules/npm/lib/commands/link.js:147:5)
17 verbose stack     at async Npm.exec (/usr/lib/node_modules/npm/lib/npm.js:208:9)
17 verbose stack     at async module.exports (/usr/lib/node_modules/npm/lib/cli/entry.js:67:5)
18 error code EACCES
19 error syscall mkdir
20 error path /usr/lib/node_modules/@hexlet
21 error errno -13
22 error Error: EACCES: permission denied, mkdir '/usr/lib/node_modules/@hexlet'
22 error     at async mkdir (node:internal/fs/promises:861:10)
22 error     at async #extractOrLink (/usr/lib/node_modules/npm/node_modules/@npmcli/arborist/lib/arborist/reify.js:785:5)
22 error     at async /usr/lib/node_modules/npm/node_modules/@npmcli/arborist/lib/arborist/reify.js:678:7
22 error     at async Promise.allSettled (index 0)
22 error     at async [reifyPackages] (/usr/lib/node_modules/npm/node_modules/@npmcli/arborist/lib/arborist/reify.js:326:11)
22 error     at async Arborist.reify (/usr/lib/node_modules/npm/node_modules/@npmcli/arborist/lib/arborist/reify.js:128:5)
22 error     at async Link.linkPkg (/usr/lib/node_modules/npm/lib/commands/link.js:147:5)
22 error     at async Npm.exec (/usr/lib/node_modules/npm/lib/npm.js:208:9)
22 error     at async module.exports (/usr/lib/node_modules/npm/lib/cli/entry.js:67:5) {
22 error   errno: -13,
22 error   code: 'EACCES',
22 error   syscall: 'mkdir',
22 error   path: '/usr/lib/node_modules/@hexlet'
22 error }
23 error
23 error The operation was rejected by your operating system.
23 error It is likely you do not have the permissions to access this file as the current user
23 error
23 error If you believe this might be a permissions issue, please double-check the
23 error permissions of the file and its containing directories, or try running
23 error the command again as root/Administrator.
24 silly unfinished npm timer reify 1763371741425
25 silly unfinished npm timer reify:audit 1763371741441
26 silly unfinished npm timer auditReport:getReport 1763371741441
27 silly unfinished npm timer reify:unpack 1763371741444
28 silly unfinished npm timer reifyNode:node_modules/@hexlet/code 1763371741444
29 verbose cwd /home/dronlaptop
30 verbose os Linux 6.6.87.2-microsoft-standard-WSL2
31 verbose node v24.11.0
32 verbose npm  v11.6.1
33 verbose exit -13
34 verbose code -13
35 error A complete log of this run can be found in: /home/dronlaptop/.npm/_logs/2025-11-17T09_29_01_285Z-debug-0.log
